#
# There is insufficient memory for the Java Runtime Environment to continue.
# Native memory allocation (mmap) failed to map 257949696 bytes for Failed to commit area from 0x000000070a200000 to 0x0000000719800000 of length 257949696.
# Possible reasons:
#   The system is out of physical RAM or swap space
#   The process is running with CompressedOops enabled, and the Java Heap may be blocking the growth of the native heap
# Possible solutions:
#   Reduce memory load on the system
#   Increase physical memory or swap space
#   Check if swap backing store is full
#   Decrease Java heap size (-Xmx/-Xms)
#   Decrease number of Java threads
#   Decrease Java thread stack sizes (-Xss)
#   Set larger code cache with -XX:ReservedCodeCacheSize=
# This output file may be truncated or incomplete.
#
#  Out of Memory Error (./src/hotspot/os/windows/os_windows.cpp:3521), pid=31672, tid=12352
#
# JRE version:  (11.0.12+7) (build )
# Java VM: OpenJDK 64-Bit Server VM (11.0.12+7-b1504.28, mixed mode, sharing, tiered, compressed oops, g1 gc, windows-amd64)
# No core dump will be written. Minidumps are not enabled by default on client versions of Windows
#

---------------  S U M M A R Y ------------

Command Line: git4idea.http.GitAskPassApp Username for 'https://github.com': 

Host: AMD Ryzen 7 4700U with Radeon Graphics         , 8 cores, 15G,  Windows 10 , 64 bit Build 19041 (10.0.19041.1348)
Time: Fri Dec 17 19:09:23 2021 Финляндия (зима) elapsed time: 0.010638 seconds (0d 0h 0m 0s)

---------------  T H R E A D  ---------------

Current thread (0x0000017cfae3a800):  JavaThread "Unknown thread" [_thread_in_vm, id=12352, stack(0x0000003e09400000,0x0000003e09500000)]

Stack: [0x0000003e09400000,0x0000003e09500000]
Native frames: (J=compiled Java code, j=interpreted, Vv=VM code, C=native code)
V  [jvm.dll+0x5ff40a]
V  [jvm.dll+0x783b65]
V  [jvm.dll+0x78517d]
V  [jvm.dll+0x785833]
V  [jvm.dll+0x249408]
V  [jvm.dll+0x5fc7f4]
V  [jvm.dll+0x5f13c5]
V  [jvm.dll+0x3076bb]
V  [jvm.dll+0x30762a]
V  [jvm.dll+0x307502]
V  [jvm.dll+0x30c466]
V  [jvm.dll+0x355543]
V  [jvm.dll+0x355c46]
V  [jvm.dll+0x355643]
V  [jvm.dll+0x2e2018]
V  [jvm.dll+0x2e31c7]
V  [jvm.dll+0x761f57]
V  [jvm.dll+0x76374c]
V  [jvm.dll+0x362ab9]
V  [jvm.dll+0x7455be]
V  [jvm.dll+0x3cb673]
V  [jvm.dll+0x3cda21]
C  [jli.dll+0x536b]
C  [ucrtbase.dll+0x21bb2]
C  [KERNEL32.DLL+0x17034]
C  [ntdll.dll+0x52651]


---------------  P R O C E S S  ---------------

Threads class SMR info:
_java_thread_list=0x0000017cf8cffd40, length=0, elements={
}

Java Threads: ( => current thread )

Other Threads:
  0x0000017cfae51000 GCTaskThread "GC Thread#0" [stack: 0x0000003e09500000,0x0000003e09600000] [id=26700]
  0x0000017cfaeb2800 ConcurrentGCThread "G1 Main Marker" [stack: 0x0000003e09600000,0x0000003e09700000] [id=24860]
  0x0000017cfaeb4000 ConcurrentGCThread "G1 Conc#0" [stack: 0x0000003e09700000,0x0000003e09800000] [id=3060]

[error occurred during error reporting (printing all threads), id 0xc0000005, EXCEPTION_ACCESS_VIOLATION (0xc0000005) at pc=0x00007ffee5b127a7]

VM state:not at safepoint (not fully initialized)

VM Mutex/Monitor currently owned by a thread:  ([mutex/lock_event])
[0x0000017cfae355f0] Heap_lock - owner thread: 0x0000017cfae3a800

Heap address: 0x000000070a200000, size: 3934 MB, Compressed Oops mode: Non-zero based: 0x000000070a200000
Narrow klass base: 0x0000000000000000, Narrow klass shift: 0

GC Heap History (0 events):
No events

Deoptimization events (0 events):
No events

Classes redefined (0 events):
No events

Internal exceptions (0 events):
No events

Events (1 events):
Event: 0.007 Loaded shared library C:\Program Files\JetBrains\WebStorm 2021.2.2\jbr\bin\zip.dll


Dynamic libraries:
0x00007ff6325d0000 - 0x00007ff6325da000 	C:\Program Files\JetBrains\WebStorm 2021.2.2\jbr\bin\java.exe
0x00007ffefc6f0000 - 0x00007ffefc8e5000 	C:\Windows\SYSTEM32\ntdll.dll
0x00007ffefbbd0000 - 0x00007ffefbc8e000 	C:\Windows\System32\KERNEL32.DLL
0x00007ffef9eb0000 - 0x00007ffefa178000 	C:\Windows\System32\KERNELBASE.dll
0x00007ffefa640000 - 0x00007ffefa740000 	C:\Windows\System32\ucrtbase.dll
0x00007ffee2e20000 - 0x00007ffee2e37000 	C:\Program Files\JetBrains\WebStorm 2021.2.2\jbr\bin\VCRUNTIME140.dll
0x00007ffee3090000 - 0x00007ffee30a9000 	C:\Program Files\JetBrains\WebStorm 2021.2.2\jbr\bin\jli.dll
0x00007ffefae70000 - 0x00007ffefb011000 	C:\Windows\System32\USER32.dll
0x00007ffefa610000 - 0x00007ffefa632000 	C:\Windows\System32\win32u.dll
0x00007ffefc100000 - 0x00007ffefc12b000 	C:\Windows\System32\GDI32.dll
0x00007ffefa2a0000 - 0x00007ffefa3ab000 	C:\Windows\System32\gdi32full.dll
0x00007ffef9e10000 - 0x00007ffef9ead000 	C:\Windows\System32\msvcp_win.dll
0x00007ffed4930000 - 0x00007ffed4bca000 	C:\Windows\WinSxS\amd64_microsoft.windows.common-controls_6595b64144ccf1df_6.0.19041.1110_none_60b5254171f9507e\COMCTL32.dll
0x00007ffefc130000 - 0x00007ffefc1ce000 	C:\Windows\System32\msvcrt.dll
0x00007ffefc400000 - 0x00007ffefc430000 	C:\Windows\System32\IMM32.DLL
0x00007ffed97d0000 - 0x00007ffed986d000 	C:\Program Files\JetBrains\WebStorm 2021.2.2\jbr\bin\msvcp140.dll
0x00007ffee5820000 - 0x00007ffee6378000 	C:\Program Files\JetBrains\WebStorm 2021.2.2\jbr\bin\server\jvm.dll
0x00007ffefbc90000 - 0x00007ffefbd3c000 	C:\Windows\System32\ADVAPI32.dll
0x00007ffefc350000 - 0x00007ffefc3eb000 	C:\Windows\System32\sechost.dll
0x00007ffefba30000 - 0x00007ffefbb5a000 	C:\Windows\System32\RPCRT4.dll
0x00007ffefa7a0000 - 0x00007ffefa7a8000 	C:\Windows\System32\PSAPI.DLL
0x00007ffef1a40000 - 0x00007ffef1a4a000 	C:\Windows\SYSTEM32\VERSION.dll
0x00007ffedd5e0000 - 0x00007ffedd607000 	C:\Windows\SYSTEM32\WINMM.dll
0x00007ffee8660000 - 0x00007ffee8669000 	C:\Windows\SYSTEM32\WSOCK32.dll
0x00007ffefb280000 - 0x00007ffefb2eb000 	C:\Windows\System32\WS2_32.dll
0x00007ffef7cf0000 - 0x00007ffef7d02000 	C:\Windows\SYSTEM32\kernel.appcore.dll
0x00007ffee8360000 - 0x00007ffee8371000 	C:\Program Files\JetBrains\WebStorm 2021.2.2\jbr\bin\verify.dll
0x00007ffeec060000 - 0x00007ffeec244000 	C:\Windows\SYSTEM32\DBGHELP.DLL
0x00007ffeec030000 - 0x00007ffeec05c000 	C:\Windows\SYSTEM32\dbgcore.DLL
0x00007ffefa210000 - 0x00007ffefa293000 	C:\Windows\System32\bcryptPrimitives.dll
0x00007ffee8050000 - 0x00007ffee8079000 	C:\Program Files\JetBrains\WebStorm 2021.2.2\jbr\bin\java.dll
0x00007ffee8040000 - 0x00007ffee804b000 	C:\Program Files\JetBrains\WebStorm 2021.2.2\jbr\bin\jimage.dll
0x00007ffee8020000 - 0x00007ffee8038000 	C:\Program Files\JetBrains\WebStorm 2021.2.2\jbr\bin\zip.dll

dbghelp: loaded successfully - version: 4.0.5 - missing functions: none
symbol engine: initialized successfully - sym options: 0x614 - pdb path: .;C:\Program Files\JetBrains\WebStorm 2021.2.2\jbr\bin;C:\Windows\SYSTEM32;C:\Windows\WinSxS\amd64_microsoft.windows.common-controls_6595b64144ccf1df_6.0.19041.1110_none_60b5254171f9507e;C:\Program Files\JetBrains\WebStorm 2021.2.2\jbr\bin\server

VM Arguments:
java_command: git4idea.http.GitAskPassApp Username for 'https://github.com': 
java_class_path (initial): C:/Program Files/JetBrains/WebStorm 2021.2.2/plugins/git4idea/lib/git4idea-rt.jar;C:/Program Files/JetBrains/WebStorm 2021.2.2/lib/3rd-party.jar
Launcher Type: SUN_STANDARD

[Global flags]
     intx CICompilerCount                          = 4                                         {product} {ergonomic}
     uint ConcGCThreads                            = 2                                         {product} {ergonomic}
     uint G1ConcRefinementThreads                  = 8                                         {product} {ergonomic}
   size_t G1HeapRegionSize                         = 1048576                                   {product} {ergonomic}
    uintx GCDrainStackTargetSize                   = 64                                        {product} {ergonomic}
   size_t InitialHeapSize                          = 257949696                                 {product} {ergonomic}
   size_t MarkStackSize                            = 4194304                                   {product} {ergonomic}
   size_t MaxHeapSize                              = 4125097984                                {product} {ergonomic}
   size_t MinHeapDeltaBytes                        = 1048576                                   {product} {ergonomic}
    uintx NonNMethodCodeHeapSize                   = 5836300                                {pd product} {ergonomic}
    uintx NonProfiledCodeHeapSize                  = 122910970                              {pd product} {ergonomic}
    uintx ProfiledCodeHeapSize                     = 122910970                              {pd product} {ergonomic}
    uintx ReservedCodeCacheSize                    = 251658240                              {pd product} {ergonomic}
     bool SegmentedCodeCache                       = true                                      {product} {ergonomic}
     bool UseCompressedClassPointers               = true                                 {lp64_product} {ergonomic}
     bool UseCompressedOops                        = true                                 {lp64_product} {ergonomic}
     bool UseG1GC                                  = true                                      {product} {ergonomic}
     bool UseLargePagesIndividualAllocation        = false                                  {pd product} {ergonomic}

Logging:
Log output configuration:
 #0: stdout all=warning uptime,level,tags
 #1: stderr all=off uptime,level,tags

Environment Variables:
PATH=C:/Program Files/Git/mingw64/libexec/git-core;C:/Program Files/Git/mingw64/libexec/git-core;C:\Program Files\Git\mingw64\bin;C:\Program Files\Git\usr\bin;C:\Users\Yura\bin;C:\Windows\system32;C:\Windows;C:\Windows\System32\Wbem;C:\Windows\System32\WindowsPowerShell\v1.0\;C:\Windows\System32\OpenSSH\;C:\Program Files\nodejs\;C:\Program Files\MongoDB\Server\5.0\bin;C:\Program Files\Git\cmd;C:\Program Files (x86)\AMD\ATI.ACE\Core-Static;C:\Program Files\MySQL\MySQL Shell 8.0\bin\;C:\Users\Yura\AppData\Local\Microsoft\WindowsApps;C:\Users\Yura\AppData\Roaming\npm
USERNAME=Yura
DISPLAY=:0.0
LC_ALL=en_US.UTF-8
OS=Windows_NT
PROCESSOR_IDENTIFIER=AMD64 Family 23 Model 96 Stepping 1, AuthenticAMD



---------------  S Y S T E M  ---------------

OS: Windows 10 , 64 bit Build 19041 (10.0.19041.1348)
OS uptime: 0 days 10:28 hours

CPU:total 8 (initial active 8) (8 cores per cpu, 1 threads per core) family 23 model 96 stepping 1 microcode 0x0, cmov, cx8, fxsr, mmx, sse, sse2, sse3, ssse3, sse4.1, sse4.2, popcnt, avx, avx2, aes, clmul, mmxext, 3dnowpref, lzcnt, sse4a, tsc, tscinvbit, tscinv, bmi1, bmi2, adx, sha, fma

Memory: 4k page, system-wide physical 15733M (2144M free)
TotalPageFile size 30733M (AvailPageFile size 161M)
current process WorkingSet (physical memory assigned to process): 10M, peak: 10M
current process commit charge ("private bytes"): 60M, peak: 306M

vm_info: OpenJDK 64-Bit Server VM (11.0.12+7-b1504.28) for windows-amd64 JRE (11.0.12+7-b1504.28), built on Sep  3 2021 08:39:15 by "" with MS VC++ 14.0 (VS2015)

END.
